-1.5
-encoding
UTF-8
-showWeaveInfo
-source
1.5
-verbose
-classpath
C:\Documents and Settings\ni178\.m2\repository\antlr\antlr\2.7.6\antlr-2.7.6.jar;C:\Documents and Settings\ni178\.m2\repository\aopalliance\aopalliance\1.0\aopalliance-1.0.jar;C:\Documents and Settings\ni178\.m2\repository\asm\asm\2.2.3\asm-2.2.3.jar;C:\Documents and Settings\ni178\.m2\repository\batik\batik-awt-util\1.6-1\batik-awt-util-1.6-1.jar;C:\Documents and Settings\ni178\.m2\repository\batik\batik-ext\1.6-1\batik-ext-1.6-1.jar;C:\Documents and Settings\ni178\.m2\repository\batik\batik-gui-util\1.6-1\batik-gui-util-1.6-1.jar;C:\Documents and Settings\ni178\.m2\repository\batik\batik-util\1.6-1\batik-util-1.6-1.jar;C:\Documents and Settings\ni178\.m2\repository\com\lowagie\itext\1.4.8\itext-1.4.8.jar;C:\Documents and Settings\ni178\.m2\repository\com\sun\facelets\jsf-facelets\1.1.14\jsf-facelets-1.1.14.jar;C:\Documents and Settings\ni178\.m2\repository\com\sun\xml\bind\jaxb-impl\2.1.12\jaxb-impl-2.1.12.jar;C:\Documents and Settings\ni178\.m2\repository\com\sun\xml\messaging\saaj\saaj-impl\1.3.2\saaj-impl-1.3.2.jar;C:\Documents and Settings\ni178\.m2\repository\commons-beanutils\commons-beanutils\1.8.1\commons-beanutils-1.8.1.jar;C:\Documents and Settings\ni178\.m2\repository\commons-codec\commons-codec\1.3\commons-codec-1.3.jar;C:\Documents and Settings\ni178\.m2\repository\commons-collections\commons-collections\3.2\commons-collections-3.2.jar;C:\Documents and Settings\ni178\.m2\repository\commons-dbcp\commons-dbcp\1.2.1\commons-dbcp-1.2.1.jar;C:\Documents and Settings\ni178\.m2\repository\commons-digester\commons-digester\1.8\commons-digester-1.8.jar;C:\Documents and Settings\ni178\.m2\repository\commons-discovery\commons-discovery\0.4\commons-discovery-0.4.jar;C:\Documents and Settings\ni178\.m2\repository\commons-el\commons-el\1.0\commons-el-1.0.jar;C:\Documents and Settings\ni178\.m2\repository\commons-fileupload\commons-fileupload\1.2.1\commons-fileupload-1.2.1.jar;C:\Documents and Settings\ni178\.m2\repository\commons-io\commons-io\1.4\commons-io-1.4.jar;C:\Documents and Settings\ni178\.m2\repository\commons-lang\commons-lang\2.4\commons-lang-2.4.jar;C:\Documents and Settings\ni178\.m2\repository\commons-logging\commons-logging\1.1.1\commons-logging-1.1.1.jar;C:\Documents and Settings\ni178\.m2\repository\commons-pool\commons-pool\1.2\commons-pool-1.2.jar;C:\Documents and Settings\ni178\.m2\repository\commons-validator\commons-validator\1.3.1\commons-validator-1.3.1.jar;C:\Documents and Settings\ni178\.m2\repository\dom4j\dom4j\1.6.1\dom4j-1.6.1.jar;C:\Documents and Settings\ni178\.m2\repository\javassist\javassist\3.4.GA\javassist-3.4.GA.jar;C:\Documents and Settings\ni178\.m2\repository\javax\activation\activation\1.1\activation-1.1.jar;C:\Documents and Settings\ni178\.m2\repository\javax\mail\mail\1.4.1\mail-1.4.1.jar;C:\Documents and Settings\ni178\.m2\repository\javax\persistence\persistence-api\1.0\persistence-api-1.0.jar;C:\Documents and Settings\ni178\.m2\repository\javax\servlet\jstl\1.1.2\jstl-1.1.2.jar;C:\Documents and Settings\ni178\.m2\repository\javax\servlet\servlet-api\2.4\servlet-api-2.4.jar;C:\Documents and Settings\ni178\.m2\repository\javax\servlet\jsp\jsp-api\2.1\jsp-api-2.1.jar;C:\Documents and Settings\ni178\.m2\repository\javax\transaction\jta\1.1\jta-1.1.jar;C:\Documents and Settings\ni178\.m2\repository\javax\ws\rs\jsr311-api\1.0\jsr311-api-1.0.jar;C:\Documents and Settings\ni178\.m2\repository\javax\xml\bind\jaxb-api\2.2\jaxb-api-2.2.jar;C:\Documents and Settings\ni178\.m2\repository\javax\xml\soap\saaj-api\1.3\saaj-api-1.3.jar;C:\Documents and Settings\ni178\.m2\repository\javax\xml\stream\stax-api\1.0-2\stax-api-1.0-2.jar;C:\Documents and Settings\ni178\.m2\repository\jaxen\jaxen\1.1.1\jaxen-1.1.1.jar;C:\Documents and Settings\ni178\.m2\repository\junit\junit\4.4\junit-4.4.jar;C:\Documents and Settings\ni178\.m2\repository\junit\junit-dep\4.4\junit-dep-4.4.jar;C:\Documents and Settings\ni178\.m2\repository\log4j\log4j\1.2.13\log4j-1.2.13.jar;C:\Documents and Settings\ni178\.m2\repository\mysql\mysql-connector-java\5.1.10\mysql-connector-java-5.1.10.jar;C:\Documents and Settings\ni178\.m2\repository\net\java\dev\ajax4jsf\ajax4jsf\1.0.6\ajax4jsf-1.0.6.jar;C:\Documents and Settings\ni178\.m2\repository\net\sf\ehcache\ehcache-core\1.7.0\ehcache-core-1.7.0.jar;C:\Documents and Settings\ni178\.m2\repository\net\sf\ehcache\ehcache-web\1.6.0-beta2\ehcache-web-1.6.0-beta2.jar;C:\Documents and Settings\ni178\.m2\repository\net\sourceforge\jsf-comp\acegi-jsf\1.1.3\acegi-jsf-1.1.3.jar;C:\Documents and Settings\ni178\.m2\repository\opensymphony\oscache\2.3\oscache-2.3.jar;C:\Documents and Settings\ni178\.m2\repository\opensymphony\sitemesh\2.4.2\sitemesh-2.4.2.jar;C:\Documents and Settings\ni178\.m2\repository\org\apache\abdera\abdera-core\0.4.0-incubating\abdera-core-0.4.0-incubating.jar;C:\Documents and Settings\ni178\.m2\repository\org\apache\abdera\abdera-extensions-json\0.4.0-incubating\abdera-extensions-json-0.4.0-incubating.jar;C:\Documents and Settings\ni178\.m2\repository\org\apache\abdera\abdera-extensions-main\0.4.0-incubating\abdera-extensions-main-0.4.0-incubating.jar;C:\Documents and Settings\ni178\.m2\repository\org\apache\abdera\abdera-i18n\0.4.0-incubating\abdera-i18n-0.4.0-incubating.jar;C:\Documents and Settings\ni178\.m2\repository\org\apache\abdera\abdera-parser\0.4.0-incubating\abdera-parser-0.4.0-incubating.jar;C:\Documents and Settings\ni178\.m2\repository\org\apache\cxf\cxf-api\2.2.4\cxf-api-2.2.4.jar;C:\Documents and Settings\ni178\.m2\repository\org\apache\cxf\cxf-common-schemas\2.2.4\cxf-common-schemas-2.2.4.jar;C:\Documents and Settings\ni178\.m2\repository\org\apache\cxf\cxf-common-utilities\2.2.4\cxf-common-utilities-2.2.4.jar;C:\Documents and Settings\ni178\.m2\repository\org\apache\cxf\cxf-rt-bindings-soap\2.2.4\cxf-rt-bindings-soap-2.2.4.jar;C:\Documents and Settings\ni178\.m2\repository\org\apache\cxf\cxf-rt-bindings-xml\2.2.4\cxf-rt-bindings-xml-2.2.4.jar;C:\Documents and Settings\ni178\.m2\repository\org\apache\cxf\cxf-rt-core\2.2.4\cxf-rt-core-2.2.4.jar;C:\Documents and Settings\ni178\.m2\repository\org\apache\cxf\cxf-rt-databinding-aegis\2.2.4\cxf-rt-databinding-aegis-2.2.4.jar;C:\Documents and Settings\ni178\.m2\repository\org\apache\cxf\cxf-rt-databinding-jaxb\2.2.4\cxf-rt-databinding-jaxb-2.2.4.jar;C:\Documents and Settings\ni178\.m2\repository\org\apache\cxf\cxf-rt-frontend-jaxrs\2.2.4\cxf-rt-frontend-jaxrs-2.2.4.jar;C:\Documents and Settings\ni178\.m2\repository\org\apache\cxf\cxf-rt-frontend-jaxws\2.2.4\cxf-rt-frontend-jaxws-2.2.4.jar;C:\Documents and Settings\ni178\.m2\repository\org\apache\cxf\cxf-rt-frontend-simple\2.2.4\cxf-rt-frontend-simple-2.2.4.jar;C:\Documents and Settings\ni178\.m2\repository\org\apache\cxf\cxf-rt-transports-http\2.2.4\cxf-rt-transports-http-2.2.4.jar;C:\Documents and Settings\ni178\.m2\repository\org\apache\cxf\cxf-rt-ws-addr\2.2.4\cxf-rt-ws-addr-2.2.4.jar;C:\Documents and Settings\ni178\.m2\repository\org\apache\cxf\cxf-tools-common\2.2.4\cxf-tools-common-2.2.4.jar;C:\Documents and Settings\ni178\.m2\repository\org\apache\geronimo\specs\geronimo-activation_1.1_spec\1.0.2\geronimo-activation_1.1_spec-1.0.2.jar;C:\Documents and Settings\ni178\.m2\repository\org\apache\geronimo\specs\geronimo-annotation_1.0_spec\1.1.1\geronimo-annotation_1.0_spec-1.1.1.jar;C:\Documents and Settings\ni178\.m2\repository\org\apache\geronimo\specs\geronimo-javamail_1.4_spec\1.6\geronimo-javamail_1.4_spec-1.6.jar;C:\Documents and Settings\ni178\.m2\repository\org\apache\geronimo\specs\geronimo-jaxws_2.1_spec\1.0\geronimo-jaxws_2.1_spec-1.0.jar;C:\Documents and Settings\ni178\.m2\repository\org\apache\geronimo\specs\geronimo-stax-api_1.0_spec\1.0.1\geronimo-stax-api_1.0_spec-1.0.1.jar;C:\Documents and Settings\ni178\.m2\repository\org\apache\geronimo\specs\geronimo-ws-metadata_2.0_spec\1.1.2\geronimo-ws-metadata_2.0_spec-1.1.2.jar;C:\Documents and Settings\ni178\.m2\repository\org\apache\lucene\lucene-core\2.4.1\lucene-core-2.4.1.jar;C:\Documents and Settings\ni178\.m2\repository\org\apache\myfaces\core\myfaces-api\1.2.7\myfaces-api-1.2.7.jar;C:\Documents and Settings\ni178\.m2\repository\org\apache\myfaces\core\myfaces-impl\1.2.7\myfaces-impl-1.2.7.jar;C:\Documents and Settings\ni178\.m2\repository\org\apache\myfaces\tomahawk\tomahawk\1.1.9\tomahawk-1.1.9.jar;C:\Documents and Settings\ni178\.m2\repository\org\apache\neethi\neethi\2.0.4\neethi-2.0.4.jar;C:\Documents and Settings\ni178\.m2\repository\org\apache\shale\shale-core\1.0.5\shale-core-1.0.5.jar;C:\Documents and Settings\ni178\.m2\repository\org\apache\shale\shale-test\1.0.5\shale-test-1.0.5.jar;C:\Documents and Settings\ni178\.m2\repository\org\apache\shale\shale-validator\1.0.5\shale-validator-1.0.5.jar;C:\Documents and Settings\ni178\.m2\repository\org\apache\ws\commons\axiom\axiom-api\1.2.5\axiom-api-1.2.5.jar;C:\Documents and Settings\ni178\.m2\repository\org\apache\ws\commons\axiom\axiom-impl\1.2.5\axiom-impl-1.2.5.jar;C:\Documents and Settings\ni178\.m2\repository\org\apache\ws\commons\schema\XmlSchema\1.4.5\XmlSchema-1.4.5.jar;C:\Documents and Settings\ni178\.m2\repository\org\apache\xmlbeans\xmlbeans\2.4.0\xmlbeans-2.4.0.jar;C:\Documents and Settings\ni178\.m2\repository\org\aspectj\aspectjrt\1.6.6\aspectjrt-1.6.6.jar;C:\Documents and Settings\ni178\.m2\repository\org\aspectj\aspectjweaver\1.6.6\aspectjweaver-1.6.6.jar;C:\Documents and Settings\ni178\.m2\repository\org\codehaus\jackson\jackson-core-asl\1.2.1\jackson-core-asl-1.2.1.jar;C:\Documents and Settings\ni178\.m2\repository\org\codehaus\jackson\jackson-jaxrs\1.2.1\jackson-jaxrs-1.2.1.jar;C:\Documents and Settings\ni178\.m2\repository\org\codehaus\jackson\jackson-mapper-asl\1.2.1\jackson-mapper-asl-1.2.1.jar;C:\Documents and Settings\ni178\.m2\repository\org\codehaus\jettison\jettison\1.1\jettison-1.1.jar;C:\Documents and Settings\ni178\.m2\repository\org\codehaus\woodstox\stax2-api\3.0.1\stax2-api-3.0.1.jar;C:\Documents and Settings\ni178\.m2\repository\org\codehaus\woodstox\woodstox-core-asl\4.0.3\woodstox-core-asl-4.0.3.jar;C:\Documents and Settings\ni178\.m2\repository\org\compass-project\compass\2.1.3\compass-2.1.3.jar;C:\Documents and Settings\ni178\.m2\repository\org\directwebremoting\dwr\2.0.1\dwr-2.0.1.jar;C:\Documents and Settings\ni178\.m2\repository\org\hamcrest\hamcrest-core\1.1\hamcrest-core-1.1.jar;C:\Documents and Settings\ni178\.m2\repository\org\hamcrest\hamcrest-library\1.1\hamcrest-library-1.1.jar;C:\Documents and Settings\ni178\.m2\repository\org\hibernate\hibernate-annotations\3.4.0.GA\hibernate-annotations-3.4.0.GA.jar;C:\Documents and Settings\ni178\.m2\repository\org\hibernate\hibernate-commons-annotations\3.1.0.GA\hibernate-commons-annotations-3.1.0.GA.jar;C:\Documents and Settings\ni178\.m2\repository\org\hibernate\hibernate-core\3.3.1.GA\hibernate-core-3.3.1.GA.jar;C:\Documents and Settings\ni178\.m2\repository\org\hibernate\hibernate-ehcache\3.3.1.GA\hibernate-ehcache-3.3.1.GA.jar;C:\Documents and Settings\ni178\.m2\repository\org\jmock\jmock\2.5.1\jmock-2.5.1.jar;C:\Documents and Settings\ni178\.m2\repository\org\jmock\jmock-junit4\2.5.1\jmock-junit4-2.5.1.jar;C:\Documents and Settings\ni178\.m2\repository\org\slf4j\slf4j-api\1.4.2\slf4j-api-1.4.2.jar;C:\Documents and Settings\ni178\.m2\repository\org\slf4j\slf4j-log4j12\1.5.2\slf4j-log4j12-1.5.2.jar;C:\Documents and Settings\ni178\.m2\repository\org\springframework\spring-aop\2.5.6\spring-aop-2.5.6.jar;C:\Documents and Settings\ni178\.m2\repository\org\springframework\spring-aspects\2.5.6\spring-aspects-2.5.6.jar;C:\Documents and Settings\ni178\.m2\repository\org\springframework\spring-beans\2.5.6\spring-beans-2.5.6.jar;C:\Documents and Settings\ni178\.m2\repository\org\springframework\spring-context\2.5.6\spring-context-2.5.6.jar;C:\Documents and Settings\ni178\.m2\repository\org\springframework\spring-context-support\2.5.6\spring-context-support-2.5.6.jar;C:\Documents and Settings\ni178\.m2\repository\org\springframework\spring-core\2.5.6\spring-core-2.5.6.jar;C:\Documents and Settings\ni178\.m2\repository\org\springframework\spring-jdbc\2.5.6\spring-jdbc-2.5.6.jar;C:\Documents and Settings\ni178\.m2\repository\org\springframework\spring-orm\2.5.6\spring-orm-2.5.6.jar;C:\Documents and Settings\ni178\.m2\repository\org\springframework\spring-test\2.5.6\spring-test-2.5.6.jar;C:\Documents and Settings\ni178\.m2\repository\org\springframework\spring-tx\2.5.6\spring-tx-2.5.6.jar;C:\Documents and Settings\ni178\.m2\repository\org\springframework\spring-web\2.5.6\spring-web-2.5.6.jar;C:\Documents and Settings\ni178\.m2\repository\org\springframework\spring-webmvc\2.5.6\spring-webmvc-2.5.6.jar;C:\Documents and Settings\ni178\.m2\repository\org\springframework\security\spring-security-acl\2.0.4\spring-security-acl-2.0.4.jar;C:\Documents and Settings\ni178\.m2\repository\org\springframework\security\spring-security-core\2.0.4\spring-security-core-2.0.4.jar;C:\Documents and Settings\ni178\.m2\repository\org\springframework\security\spring-security-core-tiger\2.0.4\spring-security-core-tiger-2.0.4.jar;C:\Documents and Settings\ni178\.m2\repository\org\springframework\security\spring-security-taglibs\2.0.4\spring-security-taglibs-2.0.4.jar;C:\Documents and Settings\ni178\.m2\repository\org\tuckey\urlrewritefilter\3.1.0\urlrewritefilter-3.1.0.jar;C:\Documents and Settings\ni178\.m2\repository\oro\oro\2.0.8\oro-2.0.8.jar;C:\Documents and Settings\ni178\.m2\repository\stax\stax-api\1.0.1\stax-api-1.0.1.jar;C:\Documents and Settings\ni178\.m2\repository\struts-menu\struts-menu\2.4.3\struts-menu-2.4.3.jar;C:\Documents and Settings\ni178\.m2\repository\taglibs\standard\1.1.2\standard-1.1.2.jar;C:\Documents and Settings\ni178\.m2\repository\velocity\velocity\1.4\velocity-1.4.jar;C:\Documents and Settings\ni178\.m2\repository\velocity-tools\velocity-tools-view\1.0\velocity-tools-view-1.0.jar;C:\Documents and Settings\ni178\.m2\repository\wsdl4j\wsdl4j\1.6.2\wsdl4j-1.6.2.jar;C:\Documents and Settings\ni178\.m2\repository\xml-apis\xml-apis\1.0.b2\xml-apis-1.0.b2.jar;C:\Documents and Settings\ni178\.m2\repository\xml-apis\xmlParserAPIs\2.0.2\xmlParserAPIs-2.0.2.jar;C:\Documents and Settings\ni178\.m2\repository\xml-resolver\xml-resolver\1.2\xml-resolver-1.2.jar;C:\Source\myproject\target\classes
-aspectpath
C:\Documents and Settings\ni178\.m2\repository\org\springframework\spring-aspects\2.5.6\spring-aspects-2.5.6.jar
-d
C:\Source\myproject\target\classes
C:\Source\myproject\src\main\java\com\mycompany\service\UserExistsException.java
C:\Source\myproject\src\main\java\com\mycompany\webapp\filter\StaticFilter.java
C:\Source\myproject\src\main\java\com\mycompany\dao\UserDao.java
C:\Source\myproject\src\main\java\com\mycompany\service\MailEngine.java
C:\Source\myproject\src\main\java\com\mycompany\webapp\filter\LocaleRequestWrapper.java
C:\Source\myproject\src\main\java\com\mycompany\service\UserSecurityAdvice.java
C:\Source\myproject\src\main\java\com\mycompany\util\ConvertUtil.java
C:\Source\myproject\src\main\java\com\mycompany\webapp\taglib\ConstantsTei.java
C:\Source\myproject\src\main\java\com\mycompany\service\impl\RoleManagerImpl.java
C:\Source\myproject\src\main\java\com\mycompany\webapp\action\ActiveUserList.java
C:\Source\myproject\src\main\java\com\mycompany\webapp\listener\StartupListener.java
C:\Source\myproject\src\main\java\com\mycompany\webapp\listener\UserCounterListener.java
C:\Source\myproject\src\main\java\com\mycompany\service\impl\GenericManagerImpl.java
C:\Source\myproject\src\main\java\com\mycompany\Constants.java
C:\Source\myproject\src\main\java\com\mycompany\dao\GenericDao.java
C:\Source\myproject\src\main\java\com\mycompany\model\User.java
C:\Source\myproject\src\main\java\com\mycompany\webapp\action\SignupForm.java
C:\Source\myproject\src\main\java\com\mycompany\webapp\taglib\ConstantsTag.java
C:\Source\myproject\src\main\java\com\mycompany\webapp\jsf\PanelGridRenderer.java
C:\Source\myproject\src\main\java\com\mycompany\webapp\action\PasswordHint.java
C:\Source\myproject\src\main\java\com\mycompany\model\Role.java
C:\Source\myproject\src\main\java\com\mycompany\webapp\jsf\LabelRenderer.java
C:\Source\myproject\src\main\java\com\mycompany\webapp\filter\MessageFilter.java
C:\Source\myproject\src\main\java\com\mycompany\service\GenericManager.java
C:\Source\myproject\src\main\java\com\mycompany\service\RoleManager.java
C:\Source\myproject\src\main\java\com\mycompany\service\UserManager.java
C:\Source\myproject\src\main\java\com\mycompany\dao\hibernate\RoleDaoHibernate.java
C:\Source\myproject\src\main\java\com\mycompany\dao\RoleDao.java
C:\Source\myproject\src\main\java\com\mycompany\util\CurrencyConverter.java
C:\Source\myproject\src\main\java\com\mycompany\webapp\action\Reload.java
C:\Source\myproject\src\main\java\com\mycompany\service\UserService.java
C:\Source\myproject\src\main\java\com\mycompany\webapp\action\BasePage.java
C:\Source\myproject\src\main\java\com\mycompany\dao\spring\HibernateExtensionPostProcessor.java
C:\Source\myproject\src\main\java\com\mycompany\webapp\action\FileUpload.java
C:\Source\myproject\src\main\java\com\mycompany\service\LookupManager.java
C:\Source\myproject\src\main\java\com\mycompany\dao\LookupDao.java
C:\Source\myproject\src\main\java\com\mycompany\model\Address.java
C:\Source\myproject\src\main\java\com\mycompany\dao\hibernate\UserDaoHibernate.java
C:\Source\myproject\src\main\java\com\mycompany\util\DateUtil.java
C:\Source\myproject\src\main\java\com\mycompany\webapp\filter\LocaleFilter.java
C:\Source\myproject\src\main\java\com\mycompany\model\BaseObject.java
C:\Source\myproject\src\main\java\com\mycompany\webapp\action\CountryModel.java
C:\Source\myproject\src\main\java\com\mycompany\dao\hibernate\LookupDaoHibernate.java
C:\Source\myproject\src\main\java\com\mycompany\util\DateConverter.java
C:\Source\myproject\src\main\java\com\mycompany\service\impl\UserManagerImpl.java
C:\Source\myproject\src\main\java\com\mycompany\webapp\util\RequestUtil.java
C:\Source\myproject\src\main\java\com\mycompany\webapp\util\FacesUtils.java
C:\Source\myproject\src\main\java\com\mycompany\util\TimestampConverter.java
C:\Source\myproject\src\main\java\com\mycompany\model\LabelValue.java
C:\Source\myproject\src\main\java\com\mycompany\webapp\action\UserForm.java
C:\Source\myproject\src\main\java\com\mycompany\dao\hibernate\GenericDaoHibernate.java
C:\Source\myproject\src\main\java\com\mycompany\service\impl\LookupManagerImpl.java
C:\Source\myproject\src\main\java\com\mycompany\webapp\action\UserList.java
